2017-08-30 13:42:59.606281, priority="Debug", source="python", class="General", method="load_translation", action="method called"
2017-08-30 13:42:59.614600, priority="Debug", source="python", class="General", method="translate_text", action="Method finished", execution_time="0.00806999206543"
2017-08-30 13:42:59.615269, priority="Debug", source="python", class="Database", method="update_handler", action="Method called", query="INSERT INTO telegram_callback_queries (user_id, query_id, data) VALUES (?, ?, ?)", values="[(3520075, 84787848, 'TGHRBD7F6E'), (7162708, 28354626, 'TGHRBD7F6E')]"
2017-08-30 13:42:59.615468, priority="Debug", source="python", class="Database", method="connect_db", action="Method called"
2017-08-30 13:42:59.616176, priority="Info", source="python", class="Database", method="connect_db", result="Connected successfully to /Users/antonvanderkolk/git/teleboticz/PythonClasses/../database/teleboticz.db"
2017-08-30 13:42:59.616443, priority="Debug", source="python", class="Database", method="connect_db", action="Method finished", execution_time="0.00066876411438"
2017-08-30 13:42:59.618506, priority="Info", source="python", class="Database", method="update_handler", result="Query executed successfully"
2017-08-30 13:42:59.618823, priority="Debug", source="python", class="Database", method="update_handler", action="Method finished", execution_time="0.0033130645752"
2017-08-30 13:42:59.619238, priority="Debug", source="python", class="Database", method="update_handler", action="Method called", query="UPDATE telegram_callback_queries SET query_id = ? WHERE user_id = ?", values="[(72805502, 7162708)]"
2017-08-30 13:42:59.619486, priority="Debug", source="python", class="Database", method="connect_db", action="Method called"
2017-08-30 13:42:59.619790, priority="Info", source="python", class="Database", method="connect_db", result="Connected successfully to /Users/antonvanderkolk/git/teleboticz/PythonClasses/../database/teleboticz.db"
2017-08-30 13:42:59.619975, priority="Debug", source="python", class="Database", method="connect_db", action="Method finished", execution_time="0.000325918197632"
2017-08-30 13:42:59.621103, priority="Info", source="python", class="Database", method="update_handler", result="Query executed successfully"
2017-08-30 13:42:59.621268, priority="Debug", source="python", class="Database", method="update_handler", action="Method finished", execution_time="0.00177693367004"
2017-08-30 13:42:59.621424, priority="Debug", source="python", class="Database", method="update_handler", action="Method called", query="DELETE FROM telegram_callback_queries WHERE query_id = ?", values="[(84787848,)]"
2017-08-30 13:42:59.621553, priority="Debug", source="python", class="Database", method="connect_db", action="Method called"
2017-08-30 13:42:59.621755, priority="Info", source="python", class="Database", method="connect_db", result="Connected successfully to /Users/antonvanderkolk/git/teleboticz/PythonClasses/../database/teleboticz.db"
2017-08-30 13:42:59.621890, priority="Debug", source="python", class="Database", method="connect_db", action="Method finished", execution_time="0.000211954116821"
2017-08-30 13:42:59.622856, priority="Info", source="python", class="Database", method="update_handler", result="Query executed successfully"
2017-08-30 13:42:59.623167, priority="Debug", source="python", class="Database", method="update_handler", action="Method finished", execution_time="0.00155591964722"
2017-08-30 13:42:59.623511, priority="Debug", source="python", class="Database", method="select_handler", action="Method called", query="SELECT * FROM telegram_callback_queries WHERE user_id = ? AND date_handled = ?", values="(7162708, 0)"
2017-08-30 13:42:59.623759, priority="Debug", source="python", class="Database", method="connect_db", action="Method called"
2017-08-30 13:42:59.624060, priority="Info", source="python", class="Database", method="connect_db", result="Connected successfully to /Users/antonvanderkolk/git/teleboticz/PythonClasses/../database/teleboticz.db"
2017-08-30 13:42:59.624237, priority="Debug", source="python", class="Database", method="connect_db", action="Method finished", execution_time="0.000309944152832"
2017-08-30 13:42:59.625058, priority="Info", source="python", class="Database", method="select_handler", result="Query executed successfully"
2017-08-30 13:42:59.625501, priority="Debug", source="python", class="Database", method="select_handler", action="Method finished", execution_time="0.00162601470947"
2017-08-30 13:42:59.626871, priority="Debug", source="python", class="Database", method="update_handler", action="Method called", query="UPDATE telegram_callback_queries SET date_handled = ? WHERE id = ?", values="[('2017-08-30 13:42:59', 25)]"
2017-08-30 13:42:59.627117, priority="Debug", source="python", class="Database", method="connect_db", action="Method called"
2017-08-30 13:42:59.627471, priority="Info", source="python", class="Database", method="connect_db", result="Connected successfully to /Users/antonvanderkolk/git/teleboticz/PythonClasses/../database/teleboticz.db"
2017-08-30 13:42:59.627922, priority="Debug", source="python", class="Database", method="connect_db", action="Method finished", execution_time="0.000556945800781"
2017-08-30 13:42:59.629116, priority="Info", source="python", class="Database", method="update_handler", result="Query executed successfully"
2017-08-30 13:42:59.629325, priority="Debug", source="python", class="Database", method="update_handler", action="Method finished", execution_time="0.0022120475769"
2017-08-30 13:45:19.939228, priority="Debug", source="python", class="General", method="load_translation", action="method called"
2017-08-30 13:45:19.949514, priority="Debug", source="python", class="General", method="translate_text", action="Method finished", execution_time="0.00991988182068"
2017-08-30 13:45:19.953141, priority="Debug", source="python", class="General", method="load_translation", action="method called"
2017-08-30 13:45:19.960738, priority="Debug", source="python", class="General", method="translate_text", action="Method finished", execution_time="0.00735807418823"
2017-08-30 13:45:19.966465, priority="Debug", source="python", class="General", method="load_translation", action="method called"
2017-08-30 13:45:19.975013, priority="Debug", source="python", class="General", method="translate_text", action="Method finished", execution_time="0.00827193260193"
2017-08-30 13:45:19.977336, priority="Debug", source="python", class="General", method="load_translation", action="method called"
2017-08-30 13:45:19.988504, priority="Debug", source="python", class="General", method="translate_text", action="Method finished", execution_time="0.010941028595"
2017-08-30 13:45:19.988881, priority="Debug", source="python", class="Domoticz", method="create_domoticz_url", action="Method called"
2017-08-30 13:45:19.989126, priority="Debug", source="python", class="Domoticz", method="create_domoticz_url", action="Method finished", execution_time="0.000100135803223", url="http://admin:admin@192.168.178.18:8080/json.htm"
2017-08-30 13:45:19.989282, priority="Debug", source="python", class="Domoticz", method="get_excludes", action="Method called"
2017-08-30 13:45:19.989448, priority="Debug", source="python", class="Database", method="select_handler", action="Method called", query="SELECT type, idx FROM domoticz_excluded_items ORDER BY type ASC", values="None"
2017-08-30 13:45:19.989582, priority="Debug", source="python", class="Database", method="connect_db", action="Method called"
2017-08-30 13:45:19.990328, priority="Info", source="python", class="Database", method="connect_db", result="Connected successfully to /Users/antonvanderkolk/git/teleboticz/PythonClasses/../database/teleboticz.db"
2017-08-30 13:45:19.990562, priority="Debug", source="python", class="Database", method="connect_db", action="Method finished", execution_time="0.000823020935059"
2017-08-30 13:45:19.991254, priority="Info", source="python", class="Database", method="select_handler", result="Query executed successfully"
2017-08-30 13:45:19.991484, priority="Debug", source="python", class="Database", method="select_handler", action="Method finished", execution_time="0.00187802314758"
2017-08-30 13:45:19.991743, priority="Debug", source="python", class="Domoticz", method="get_excludes", action="Method finished", execution_time="0.00231599807739"
2017-08-30 13:45:19.993985, priority="Debug", source="python", class="General", method="load_translation", action="method called"
2017-08-30 13:45:20.005665, priority="Debug", source="python", class="General", method="translate_text", action="Method finished", execution_time="0.0114538669586"
2017-08-30 13:45:20.008151, priority="Debug", source="python", class="General", method="load_translation", action="method called"
2017-08-30 13:45:20.019352, priority="Debug", source="python", class="General", method="translate_text", action="Method finished", execution_time="0.010999917984"
2017-08-30 13:45:20.020104, priority="Debug", source="python", class="TeleboticzHandler", method="handle_chat_messages", action="Method called"
2017-08-30 13:45:20.020323, priority="Debug", source="python", class="Database", method="select_handler", action="Method called", query="SELECT id, chat_id, message FROM telegram_chat_messages WHERE date_handled = 0 ORDER BY date_in ASC", values="None"
2017-08-30 13:45:20.020496, priority="Debug", source="python", class="Database", method="connect_db", action="Method called"
2017-08-30 13:45:20.020755, priority="Info", source="python", class="Database", method="connect_db", result="Connected successfully to /Users/antonvanderkolk/git/teleboticz/PythonClasses/../database/teleboticz.db"
2017-08-30 13:45:20.020926, priority="Debug", source="python", class="Database", method="connect_db", action="Method finished", execution_time="0.000271081924438"
2017-08-30 13:45:20.021386, priority="Info", source="python", class="Database", method="select_handler", result="Query executed successfully"
2017-08-30 13:45:20.021588, priority="Debug", source="python", class="Database", method="select_handler", action="Method finished", execution_time="0.00108098983765"
2017-08-30 13:45:20.021766, priority="Debug", source="python", class="TeleboticzHandler", method="handle_chat_messages", action="Method finished", execution_time="0.00147604942322"
2017-08-30 13:45:20.021933, priority="Debug", source="python", class="TeleboticzHandler", method="handle_chat_messages", action="Method called"
2017-08-30 13:45:20.022106, priority="Debug", source="python", class="Database", method="select_handler", action="Method called", query="SELECT id, msg_id, user_id, data, query_id FROM telegram_callback_queries WHERE date_handled = 0 ORDER BY date_in ASC", values="None"
2017-08-30 13:45:20.022256, priority="Debug", source="python", class="Database", method="connect_db", action="Method called"
2017-08-30 13:45:20.022503, priority="Info", source="python", class="Database", method="connect_db", result="Connected successfully to /Users/antonvanderkolk/git/teleboticz/PythonClasses/../database/teleboticz.db"
2017-08-30 13:45:20.022671, priority="Debug", source="python", class="Database", method="connect_db", action="Method finished", execution_time="0.000261068344116"
2017-08-30 13:45:20.023138, priority="Info", source="python", class="Database", method="select_handler", result="Query executed successfully"
2017-08-30 13:45:20.023342, priority="Debug", source="python", class="Database", method="select_handler", action="Method finished", execution_time="0.00107502937317"
2017-08-30 13:45:20.025119, priority="Debug", source="python", class="TeleboticzHandler", method="determine_chat_method", action="Method called", kwargs="{'user_id': 204878733, u'idx': u'11', 'msg_id': 1088, 'query_id': 879947459949370616L, u'device_type': u'scenes', u'method': u'load_actions'}"
2017-08-30 13:45:20.025469, priority="Debug", source="python", class="General", method="check_kwargs", action="Method called"
2017-08-30 13:45:20.026103, priority="Info", source="python", class="General", method="check_kwargs", action="Method finished", execution_time="1.69277191162e-05", result="True"
2017-08-30 13:45:20.026334, priority="Debug", source="python", class="TeleboticzHandler", method="handle_callback_load_actions", action="Method called"
2017-08-30 13:45:20.026510, priority="Debug", source="python", class="General", method="check_kwargs", action="Method called"
2017-08-30 13:45:20.026701, priority="Info", source="python", class="General", method="check_kwargs", action="Method finished", execution_time="4.00543212891e-05", result="True"
2017-08-30 13:45:20.026865, priority="Debug", source="python", class="Domoticz", method="get_domoticz_info", action="Method called"
2017-08-30 13:45:20.027020, priority="Debug", source="python", class="Domoticz", method="get_domoticz_call_config", action="Method called"
2017-08-30 13:45:20.027180, priority="Debug", source="python", class="Database", method="select_handler", action="Method called", query="SELECT device_type, section, key, value FROM domoticz_call_config", values="None"
2017-08-30 13:45:20.027324, priority="Debug", source="python", class="Database", method="connect_db", action="Method called"
2017-08-30 13:45:20.027625, priority="Info", source="python", class="Database", method="connect_db", result="Connected successfully to /Users/antonvanderkolk/git/teleboticz/PythonClasses/../database/teleboticz.db"
2017-08-30 13:45:20.027793, priority="Debug", source="python", class="Database", method="connect_db", action="Method finished", execution_time="0.000322103500366"
2017-08-30 13:45:20.028307, priority="Info", source="python", class="Database", method="select_handler", result="Query executed successfully"
2017-08-30 13:45:20.028519, priority="Debug", source="python", class="Database", method="select_handler", action="Method finished", execution_time="0.00117492675781"
2017-08-30 13:45:20.029534, priority="Debug", source="python", class="Domoticz", method="get_domoticz_call_config", action="Method finished", execution_time="0.00236201286316"
2017-08-30 13:45:20.029772, priority="Info", source="python", class="Domoticz", method="get_domoticz_info", action="Preparing call", device_type="switches"
2017-08-30 13:45:20.030909, priority="Debug", source="python", class="Domoticz", method="domoticz_api_call", action="method called", parameters="{u'filter': u'light', u'used': u'true', u'type': u'devices', u'order': u'Name'}"
2017-08-30 13:45:20.252537, priority="Info", source="python", class="Domoticz", method="domoticz_api_call", result="call successfull"
2017-08-30 13:45:20.253154, priority="Debug", source="python", class="Domoticz", method="domoticz_api_call", action="Method finished", execution_time="0.221848964691"
2017-08-30 13:45:20.256099, priority="Info", source="python", class="Domoticz", method="get_domoticz_info", action="Call finished", device_type="switches"
2017-08-30 13:45:20.256325, priority="Info", source="python", class="Domoticz", method="get_domoticz_info", action="Preparing call", device_type="scenes"
2017-08-30 13:45:20.256492, priority="Debug", source="python", class="Domoticz", method="domoticz_api_call", action="method called", parameters="{u'type': u'scenes'}"
2017-08-30 13:45:20.290640, priority="Info", source="python", class="Domoticz", method="domoticz_api_call", result="call successfull"
2017-08-30 13:45:20.290895, priority="Debug", source="python", class="Domoticz", method="domoticz_api_call", action="Method finished", execution_time="0.0342559814453"
2017-08-30 13:45:20.292091, priority="Info", source="python", class="Domoticz", method="get_domoticz_info", action="Call finished", device_type="scenes"
2017-08-30 13:45:20.292270, priority="Info", source="python", class="Domoticz", method="get_domoticz_info", action="Preparing call", device_type="temperature"
2017-08-30 13:45:20.292446, priority="Debug", source="python", class="Domoticz", method="domoticz_api_call", action="method called", parameters="{u'filter': u'temp', u'used': u'true', u'type': u'devices', u'order': u'Name'}"
2017-08-30 13:45:20.404777, priority="Info", source="python", class="Domoticz", method="domoticz_api_call", result="call successfull"
2017-08-30 13:45:20.405021, priority="Debug", source="python", class="Domoticz", method="domoticz_api_call", action="Method finished", execution_time="0.112415075302"
2017-08-30 13:45:20.406157, priority="Warning", source="python", class="Domoticz", method="get_domoticz_info", error_message="Humidity not found in result 0 of temperature"
2017-08-30 13:45:20.407044, priority="Info", source="python", class="Domoticz", method="get_domoticz_info", action="Call finished", device_type="temperature"
2017-08-30 13:45:20.407222, priority="Info", source="python", class="Domoticz", method="get_domoticz_info", action="Preparing call", device_type="utility"
2017-08-30 13:45:20.407424, priority="Debug", source="python", class="Domoticz", method="domoticz_api_call", action="method called", parameters="{u'filter': u'utility', u'used': u'true', u'type': u'devices', u'order': u'Name'}"
2017-08-30 13:45:20.523942, priority="Info", source="python", class="Domoticz", method="domoticz_api_call", result="call successfull"
2017-08-30 13:45:20.524214, priority="Debug", source="python", class="Domoticz", method="domoticz_api_call", action="Method finished", execution_time="0.116567850113"
2017-08-30 13:45:20.525757, priority="Info", source="python", class="Domoticz", method="get_domoticz_info", action="Call finished", device_type="utility"
2017-08-30 13:45:20.526206, priority="Debug", source="python", class="Domoticz", method="get_domoticz_info", action="Method finished", execution_time="0.499097824097"
2017-08-30 13:51:54.946162, priority="Warning", source="web", 1e_key="Eerste", 2e_key="Tweede", 3e_key="Derde", 4e_key="Vierde"
2017-08-30 13:52:24.711077, priority="Warning", source="web", 1e_key="Eerste", 2e_key="Tweede", 3e_key="Derde", 4e_key="Vierde"
2017-08-30 13:56:04.065634, priority="Warning", source="web", 1e_key="Eerste", 2e_key="Tweede", 3e_key="Derde", 4e_key="Vierde"
2017-08-30 13:59:19.838291, priority="Error", source="web", class="General", method="General::test_log", action="Method called"
2017-08-30 13:59:22.083914, priority="Error", source="web", class="General", method="General::test_log", action="Method called"
2017-08-30 13:59:33.308413, priority="Error", source="web", class="General", method="General::test_log", action="Method called"
2017-08-30 14:00:27.901803, priority="Debug", source="web", class="General", method="General::test_log", action="Method called"
2017-08-30 14:00:33.446851, priority="Error", source="web", class="General", method="General::test_log", action="Method called"
2017-08-30 14:00:36.364403, priority="Warning", source="web", class="General", method="General::test_log", action="Method called"
2017-08-30 14:01:08.496927, priority="Info", source="web", class="General", method="General::test_log", action="Method called"
